Using TensorFlow backend.
2019-10-26 15:53:46.796404: I tensorflow/core/platform/cpu_feature_guard.cc:137] Your CPU supports instructions that this TensorFlow binary was not compiled to use: SSE4.1 SSE4.2 AVX
2019-10-26 15:53:46.938104: I tensorflow/core/common_runtime/gpu/gpu_device.cc:1030] Found device 0 with properties: 
name: GeForce GTX 670 major: 3 minor: 0 memoryClockRate(GHz): 1.0845
pciBusID: 0000:02:00.0
totalMemory: 3.94GiB freeMemory: 3.90GiB
2019-10-26 15:53:46.989473: I tensorflow/core/common_runtime/gpu/gpu_device.cc:1030] Found device 1 with properties: 
name: GeForce GTX 670 major: 3 minor: 0 memoryClockRate(GHz): 1.0845
pciBusID: 0000:03:00.0
totalMemory: 3.94GiB freeMemory: 3.90GiB
2019-10-26 15:53:47.042146: I tensorflow/core/common_runtime/gpu/gpu_device.cc:1030] Found device 2 with properties: 
name: GeForce GTX 670 major: 3 minor: 0 memoryClockRate(GHz): 1.0845
pciBusID: 0000:83:00.0
totalMemory: 3.94GiB freeMemory: 3.90GiB
2019-10-26 15:53:47.094289: I tensorflow/core/common_runtime/gpu/gpu_device.cc:1030] Found device 3 with properties: 
name: GeForce GTX 670 major: 3 minor: 0 memoryClockRate(GHz): 1.0845
pciBusID: 0000:84:00.0
totalMemory: 3.94GiB freeMemory: 3.90GiB
2019-10-26 15:53:47.094973: I tensorflow/core/common_runtime/gpu/gpu_device.cc:1045] Device peer to peer matrix
2019-10-26 15:53:47.095108: I tensorflow/core/common_runtime/gpu/gpu_device.cc:1051] DMA: 0 1 2 3 
2019-10-26 15:53:47.095123: I tensorflow/core/common_runtime/gpu/gpu_device.cc:1061] 0:   Y Y N N 
2019-10-26 15:53:47.095133: I tensorflow/core/common_runtime/gpu/gpu_device.cc:1061] 1:   Y Y N N 
2019-10-26 15:53:47.095142: I tensorflow/core/common_runtime/gpu/gpu_device.cc:1061] 2:   N N Y Y 
2019-10-26 15:53:47.095150: I tensorflow/core/common_runtime/gpu/gpu_device.cc:1061] 3:   N N Y Y 
2019-10-26 15:53:47.095174: I tensorflow/core/common_runtime/gpu/gpu_device.cc:1120] Creating TensorFlow device (/device:GPU:0) -> (device: 0, name: GeForce GTX 670, pci bus id: 0000:02:00.0, compute capability: 3.0)
2019-10-26 15:53:47.095186: I tensorflow/core/common_runtime/gpu/gpu_device.cc:1120] Creating TensorFlow device (/device:GPU:1) -> (device: 1, name: GeForce GTX 670, pci bus id: 0000:03:00.0, compute capability: 3.0)
2019-10-26 15:53:47.095198: I tensorflow/core/common_runtime/gpu/gpu_device.cc:1120] Creating TensorFlow device (/device:GPU:2) -> (device: 2, name: GeForce GTX 670, pci bus id: 0000:83:00.0, compute capability: 3.0)
2019-10-26 15:53:47.095208: I tensorflow/core/common_runtime/gpu/gpu_device.cc:1120] Creating TensorFlow device (/device:GPU:3) -> (device: 3, name: GeForce GTX 670, pci bus id: 0000:84:00.0, compute capability: 3.0)
