/var/spool/slurmd/job123041/slurm_script: line 16: new-modules.sh: No such file or directory
ModuleCmd_Load.c(213):ERROR:105: Unable to locate a modulefile for 'Anaconda/5.0.1-fasrc01'
Using TensorFlow backend.
2019-10-20 18:45:50.450157: I tensorflow/core/platform/cpu_feature_guard.cc:137] Your CPU supports instructions that this TensorFlow binary was not compiled to use: SSE4.1 SSE4.2 AVX AVX2 FMA
2019-10-20 18:45:50.675270: I tensorflow/core/common_runtime/gpu/gpu_device.cc:1030] Found device 0 with properties: 
name: GeForce GTX 980 major: 5 minor: 2 memoryClockRate(GHz): 1.2155
pciBusID: 0000:02:00.0
totalMemory: 3.95GiB freeMemory: 3.87GiB
2019-10-20 18:45:50.815550: I tensorflow/core/common_runtime/gpu/gpu_device.cc:1030] Found device 1 with properties: 
name: GeForce GTX 980 major: 5 minor: 2 memoryClockRate(GHz): 1.2155
pciBusID: 0000:03:00.0
totalMemory: 3.95GiB freeMemory: 3.87GiB
2019-10-20 18:45:50.961869: I tensorflow/core/common_runtime/gpu/gpu_device.cc:1030] Found device 2 with properties: 
name: GeForce GTX 980 major: 5 minor: 2 memoryClockRate(GHz): 1.2155
pciBusID: 0000:82:00.0
totalMemory: 3.95GiB freeMemory: 3.87GiB
2019-10-20 18:45:51.112680: I tensorflow/core/common_runtime/gpu/gpu_device.cc:1030] Found device 3 with properties: 
name: GeForce GTX 980 major: 5 minor: 2 memoryClockRate(GHz): 1.2155
pciBusID: 0000:83:00.0
totalMemory: 3.95GiB freeMemory: 3.87GiB
2019-10-20 18:45:51.113249: I tensorflow/core/common_runtime/gpu/gpu_device.cc:1045] Device peer to peer matrix
2019-10-20 18:45:51.113341: I tensorflow/core/common_runtime/gpu/gpu_device.cc:1051] DMA: 0 1 2 3 
2019-10-20 18:45:51.113350: I tensorflow/core/common_runtime/gpu/gpu_device.cc:1061] 0:   Y Y N N 
2019-10-20 18:45:51.113356: I tensorflow/core/common_runtime/gpu/gpu_device.cc:1061] 1:   Y Y N N 
2019-10-20 18:45:51.113361: I tensorflow/core/common_runtime/gpu/gpu_device.cc:1061] 2:   N N Y Y 
2019-10-20 18:45:51.113366: I tensorflow/core/common_runtime/gpu/gpu_device.cc:1061] 3:   N N Y Y 
2019-10-20 18:45:51.113380: I tensorflow/core/common_runtime/gpu/gpu_device.cc:1120] Creating TensorFlow device (/device:GPU:0) -> (device: 0, name: GeForce GTX 980, pci bus id: 0000:02:00.0, compute capability: 5.2)
2019-10-20 18:45:51.113388: I tensorflow/core/common_runtime/gpu/gpu_device.cc:1120] Creating TensorFlow device (/device:GPU:1) -> (device: 1, name: GeForce GTX 980, pci bus id: 0000:03:00.0, compute capability: 5.2)
2019-10-20 18:45:51.113394: I tensorflow/core/common_runtime/gpu/gpu_device.cc:1120] Creating TensorFlow device (/device:GPU:2) -> (device: 2, name: GeForce GTX 980, pci bus id: 0000:82:00.0, compute capability: 5.2)
2019-10-20 18:45:51.113400: I tensorflow/core/common_runtime/gpu/gpu_device.cc:1120] Creating TensorFlow device (/device:GPU:3) -> (device: 3, name: GeForce GTX 980, pci bus id: 0000:83:00.0, compute capability: 5.2)
