Using TensorFlow backend.
2019-10-26 11:54:18.911201: I tensorflow/core/platform/cpu_feature_guard.cc:137] Your CPU supports instructions that this TensorFlow binary was not compiled to use: SSE4.1 SSE4.2 AVX
2019-10-26 11:54:19.041032: I tensorflow/core/common_runtime/gpu/gpu_device.cc:1030] Found device 0 with properties: 
name: GeForce GTX 670 major: 3 minor: 0 memoryClockRate(GHz): 1.0845
pciBusID: 0000:02:00.0
totalMemory: 3.94GiB freeMemory: 3.90GiB
2019-10-26 11:54:19.084282: I tensorflow/core/common_runtime/gpu/gpu_device.cc:1030] Found device 1 with properties: 
name: GeForce GTX 670 major: 3 minor: 0 memoryClockRate(GHz): 1.0845
pciBusID: 0000:03:00.0
totalMemory: 3.94GiB freeMemory: 3.90GiB
2019-10-26 11:54:19.129487: I tensorflow/core/common_runtime/gpu/gpu_device.cc:1030] Found device 2 with properties: 
name: GeForce GTX 670 major: 3 minor: 0 memoryClockRate(GHz): 1.0845
pciBusID: 0000:83:00.0
totalMemory: 3.94GiB freeMemory: 3.90GiB
2019-10-26 11:54:19.177032: I tensorflow/core/common_runtime/gpu/gpu_device.cc:1030] Found device 3 with properties: 
name: GeForce GTX 670 major: 3 minor: 0 memoryClockRate(GHz): 1.0845
pciBusID: 0000:84:00.0
totalMemory: 3.94GiB freeMemory: 3.90GiB
2019-10-26 11:54:19.177740: I tensorflow/core/common_runtime/gpu/gpu_device.cc:1045] Device peer to peer matrix
2019-10-26 11:54:19.177880: I tensorflow/core/common_runtime/gpu/gpu_device.cc:1051] DMA: 0 1 2 3 
2019-10-26 11:54:19.177895: I tensorflow/core/common_runtime/gpu/gpu_device.cc:1061] 0:   Y Y N N 
2019-10-26 11:54:19.177904: I tensorflow/core/common_runtime/gpu/gpu_device.cc:1061] 1:   Y Y N N 
2019-10-26 11:54:19.177913: I tensorflow/core/common_runtime/gpu/gpu_device.cc:1061] 2:   N N Y Y 
2019-10-26 11:54:19.177922: I tensorflow/core/common_runtime/gpu/gpu_device.cc:1061] 3:   N N Y Y 
2019-10-26 11:54:19.177946: I tensorflow/core/common_runtime/gpu/gpu_device.cc:1120] Creating TensorFlow device (/device:GPU:0) -> (device: 0, name: GeForce GTX 670, pci bus id: 0000:02:00.0, compute capability: 3.0)
2019-10-26 11:54:19.177959: I tensorflow/core/common_runtime/gpu/gpu_device.cc:1120] Creating TensorFlow device (/device:GPU:1) -> (device: 1, name: GeForce GTX 670, pci bus id: 0000:03:00.0, compute capability: 3.0)
2019-10-26 11:54:19.177970: I tensorflow/core/common_runtime/gpu/gpu_device.cc:1120] Creating TensorFlow device (/device:GPU:2) -> (device: 2, name: GeForce GTX 670, pci bus id: 0000:83:00.0, compute capability: 3.0)
2019-10-26 11:54:19.177981: I tensorflow/core/common_runtime/gpu/gpu_device.cc:1120] Creating TensorFlow device (/device:GPU:3) -> (device: 3, name: GeForce GTX 670, pci bus id: 0000:84:00.0, compute capability: 3.0)
